[27.02.2020 22:22:52.799] [System.IO.FileStream.ValidateFileHandle()]
System.IO.DirectoryNotFoundException: Could not find a part of the path 'C:\Users\dmitr\AppData\Roaming\Roaming\OlibKey\settings.json'.
   at System.IO.FileStream.ValidateFileHandle(SafeFileHandle fileHandle)
   at System.IO.FileStream.CreateFileOpenHandle(FileMode mode, FileShare share, FileOptions options)
   at System.IO.FileStream..ctor(String path, FileMode mode, FileAccess access, FileShare share, Int32 bufferSize, FileOptions options)
   at System.IO.StreamWriter.ValidateArgsAndOpenPath(String path, Boolean append, Encoding encoding, Int32 bufferSize)
   at System.IO.StreamWriter..ctor(String path)
   at System.IO.File.WriteAllText(String path, String contents)
   at OlibKey.ModelViews.MainViewModel.SaveAccount() in F:\OlibKey\ModelViews\MainViewModel.cs:line 213
   at OlibKey.ModelViews.MainViewModel.ExitProgramVoid() in F:\OlibKey\ModelViews\MainViewModel.cs:line 109
   at OlibKey.MainWindow.Window_Closing(Object sender, CancelEventArgs e) in F:\OlibKey\MainWindow.xaml.cs:line 19
   at System.Windows.Window.OnClosing(CancelEventArgs e)
   at System.Windows.Window.WmClose()
   at System.Windows.Window.WindowFilterMessage(IntPtr hwnd, Int32 msg, IntPtr wParam, IntPtr lParam, Boolean& handled)
   at System.Windows.Interop.HwndSource.PublicHooksFilterMessage(IntPtr hwnd, Int32 msg, IntPtr wParam, IntPtr lParam, Boolean& handled)
   at MS.Win32.HwndWrapper.WndProc(IntPtr hwnd, Int32 msg, IntPtr wParam, IntPtr lParam, Boolean& handled)
   at MS.Win32.HwndSubclass.DispatcherCallbackOperation(Object o)
   at System.Windows.Threading.ExceptionWrapper.InternalRealCall(Delegate callback, Object args, Int32 numArgs)
   at System.Windows.Threading.ExceptionWrapper.TryCatchWhen(Object source, Delegate callback, Object args, Int32 numArgs, Delegate catchHandler)
[27.02.2020 22:27:51.151] [System.IO.FileStream.ValidateFileHandle()]
System.IO.DirectoryNotFoundException: Could not find a part of the path 'C:\Users\dmitr\AppData\RoamingOlibKey\settings.json'.
   at System.IO.FileStream.ValidateFileHandle(SafeFileHandle fileHandle)
   at System.IO.FileStream.CreateFileOpenHandle(FileMode mode, FileShare share, FileOptions options)
   at System.IO.FileStream..ctor(String path, FileMode mode, FileAccess access, FileShare share, Int32 bufferSize, FileOptions options)
   at System.IO.StreamWriter.ValidateArgsAndOpenPath(String path, Boolean append, Encoding encoding, Int32 bufferSize)
   at System.IO.StreamWriter..ctor(String path)
   at System.IO.File.WriteAllText(String path, String contents)
   at OlibKey.ModelViews.MainViewModel.SaveAccount() in F:\OlibKey\ModelViews\MainViewModel.cs:line 213
   at OlibKey.ModelViews.MainViewModel.ExitProgramVoid() in F:\OlibKey\ModelViews\MainViewModel.cs:line 109
   at OlibKey.MainWindow.Window_Closing(Object sender, CancelEventArgs e) in F:\OlibKey\MainWindow.xaml.cs:line 19
   at System.Windows.Window.OnClosing(CancelEventArgs e)
   at System.Windows.Window.WmClose()
   at System.Windows.Window.WindowFilterMessage(IntPtr hwnd, Int32 msg, IntPtr wParam, IntPtr lParam, Boolean& handled)
   at System.Windows.Interop.HwndSource.PublicHooksFilterMessage(IntPtr hwnd, Int32 msg, IntPtr wParam, IntPtr lParam, Boolean& handled)
   at MS.Win32.HwndWrapper.WndProc(IntPtr hwnd, Int32 msg, IntPtr wParam, IntPtr lParam, Boolean& handled)
   at MS.Win32.HwndSubclass.DispatcherCallbackOperation(Object o)
   at System.Windows.Threading.ExceptionWrapper.InternalRealCall(Delegate callback, Object args, Int32 numArgs)
   at System.Windows.Threading.ExceptionWrapper.TryCatchWhen(Object source, Delegate callback, Object args, Int32 numArgs, Delegate catchHandler)
[27.02.2020 22:58:32.985] [System.IO.FileStream.ValidateFileHandle()]
System.IO.DirectoryNotFoundException: Could not find a part of the path 'C:\Users\dmitr\AppData\Roaming\OlibKey\settings.json'.
   at System.IO.FileStream.ValidateFileHandle(SafeFileHandle fileHandle)
   at System.IO.FileStream.CreateFileOpenHandle(FileMode mode, FileShare share, FileOptions options)
   at System.IO.FileStream..ctor(String path, FileMode mode, FileAccess access, FileShare share, Int32 bufferSize, FileOptions options)
   at System.IO.StreamWriter.ValidateArgsAndOpenPath(String path, Boolean append, Encoding encoding, Int32 bufferSize)
   at System.IO.StreamWriter..ctor(String path)
   at System.IO.File.WriteAllText(String path, String contents)
   at OlibKey.ModelViews.MainViewModel.SaveAccount() in F:\OlibKey\ModelViews\MainViewModel.cs:line 213
   at OlibKey.ModelViews.MainViewModel.ExitProgramVoid() in F:\OlibKey\ModelViews\MainViewModel.cs:line 109
   at OlibKey.MainWindow.Window_Closing(Object sender, CancelEventArgs e) in F:\OlibKey\MainWindow.xaml.cs:line 19
   at System.Windows.Window.OnClosing(CancelEventArgs e)
   at System.Windows.Window.WmClose()
   at System.Windows.Window.WindowFilterMessage(IntPtr hwnd, Int32 msg, IntPtr wParam, IntPtr lParam, Boolean& handled)
   at System.Windows.Interop.HwndSource.PublicHooksFilterMessage(IntPtr hwnd, Int32 msg, IntPtr wParam, IntPtr lParam, Boolean& handled)
   at MS.Win32.HwndWrapper.WndProc(IntPtr hwnd, Int32 msg, IntPtr wParam, IntPtr lParam, Boolean& handled)
   at MS.Win32.HwndSubclass.DispatcherCallbackOperation(Object o)
   at System.Windows.Threading.ExceptionWrapper.InternalRealCall(Delegate callback, Object args, Int32 numArgs)
   at System.Windows.Threading.ExceptionWrapper.TryCatchWhen(Object source, Delegate callback, Object args, Int32 numArgs, Delegate catchHandler)
