[03.03.2020 17:04:29.382] [MS.Internal.AppModel.ResourcePart.GetStreamCore()]
System.IO.IOException: Не удается найти ресурс "properties/themes/dark.xaml".
   at MS.Internal.AppModel.ResourcePart.GetStreamCore(FileMode mode, FileAccess access)
   at System.IO.Packaging.PackagePart.GetStream(FileMode mode, FileAccess access)
   at MS.Internal.IO.Packaging.PackagePartExtensions.GetSeekableStream(PackagePart packPart, FileMode mode, FileAccess access)
   at System.IO.Packaging.PackWebResponse.CachedResponse.GetResponseStream()
   at System.IO.Packaging.PackWebResponse.GetResponseStream()
   at System.IO.Packaging.PackWebResponse.get_ContentType()
   at MS.Internal.WpfWebRequestHelper.GetContentType(WebResponse response)
   at MS.Internal.WpfWebRequestHelper.GetResponseStream(WebRequest request, ContentType& contentType)
   at System.Windows.ResourceDictionary.set_Source(Uri value)
   at OlibKey.Views.SettingsWindow.CbTheme_OnSelectionChanged(Object sender, SelectionChangedEventArgs e) in F:\OlibKey\Views\SettingsWindow.xaml.cs:line 81
   at System.Windows.Controls.SelectionChangedEventArgs.InvokeEventHandler(Delegate genericHandler, Object genericTarget)
   at System.Windows.RoutedEventArgs.InvokeHandler(Delegate handler, Object target)
   at System.Windows.EventRoute.InvokeHandlersImpl(Object source, RoutedEventArgs args, Boolean reRaised)
   at System.Windows.UIElement.RaiseEventImpl(DependencyObject sender, RoutedEventArgs args)
   at System.Windows.Controls.ComboBox.OnSelectionChanged(SelectionChangedEventArgs e)
   at System.Windows.Controls.Primitives.Selector.InvokeSelectionChanged(List`1 unselectedInfos, List`1 selectedInfos)
   at System.Windows.Controls.Primitives.Selector.SelectionChanger.End()
   at System.Windows.Controls.Primitives.Selector.SelectionChanger.SelectJustThisItem(ItemInfo info, Boolean assumeInItemsCollection)
   at System.Windows.Controls.ComboBox.NotifyComboBoxItemMouseUp(ComboBoxItem comboBoxItem)
   at System.Windows.Controls.ComboBoxItem.OnMouseLeftButtonUp(MouseButtonEventArgs e)
   at System.Windows.UIElement.OnMouseLeftButtonUpThunk(Object sender, MouseButtonEventArgs e)
   at System.Windows.RoutedEventArgs.InvokeHandler(Delegate handler, Object target)
   at System.Windows.EventRoute.InvokeHandlersImpl(Object source, RoutedEventArgs args, Boolean reRaised)
   at System.Windows.UIElement.ReRaiseEventAs(DependencyObject sender, RoutedEventArgs args, RoutedEvent newEvent)
   at System.Windows.UIElement.OnMouseUpThunk(Object sender, MouseButtonEventArgs e)
   at System.Windows.RoutedEventArgs.InvokeHandler(Delegate handler, Object target)
   at System.Windows.EventRoute.InvokeHandlersImpl(Object source, RoutedEventArgs args, Boolean reRaised)
   at System.Windows.UIElement.RaiseEventImpl(DependencyObject sender, RoutedEventArgs args)
   at System.Windows.UIElement.RaiseTrustedEvent(RoutedEventArgs args)
   at System.Windows.Input.InputManager.ProcessStagingArea()
   at System.Windows.Input.InputProviderSite.ReportInput(InputReport inputReport)
   at System.Windows.Interop.HwndMouseInputProvider.ReportInput(IntPtr hwnd, InputMode mode, Int32 timestamp, RawMouseActions actions, Int32 x, Int32 y, Int32 wheel)
   at System.Windows.Interop.HwndMouseInputProvider.FilterMessage(IntPtr hwnd, WindowMessage msg, IntPtr wParam, IntPtr lParam, Boolean& handled)
   at System.Windows.Interop.HwndSource.InputFilterMessage(IntPtr hwnd, Int32 msg, IntPtr wParam, IntPtr lParam, Boolean& handled)
   at MS.Win32.HwndWrapper.WndProc(IntPtr hwnd, Int32 msg, IntPtr wParam, IntPtr lParam, Boolean& handled)
   at MS.Win32.HwndSubclass.DispatcherCallbackOperation(Object o)
   at System.Windows.Threading.ExceptionWrapper.InternalRealCall(Delegate callback, Object args, Int32 numArgs)
   at System.Windows.Threading.ExceptionWrapper.TryCatchWhen(Object source, Delegate callback, Object args, Int32 numArgs, Delegate catchHandler)
[03.03.2020 18:36:46.487] [OlibKey.ModelViews.MainViewModel+<>c.<SaveAccount>b__113_0()]
System.NullReferenceException: Object reference not set to an instance of an object.
   at OlibKey.ModelViews.MainViewModel.<>c.<SaveAccount>b__113_0(AccountListItem item) in F:\OlibKey\ModelViews\MainViewModel.cs:line 265
   at System.Linq.Enumerable.SelectIListIterator`2.ToList()
   at System.Linq.Enumerable.ToList[TSource](IEnumerable`1 source)
   at OlibKey.ModelViews.MainViewModel.SaveAccount() in F:\OlibKey\ModelViews\MainViewModel.cs:line 265
   at OlibKey.ModelViews.MainViewModel.ExitProgramVoid() in F:\OlibKey\ModelViews\MainViewModel.cs:line 155
   at OlibKey.MainWindow.Window_Closing(Object sender, CancelEventArgs e) in F:\OlibKey\MainWindow.xaml.cs:line 20
   at System.Windows.Window.OnClosing(CancelEventArgs e)
   at System.Windows.Window.WmClose()
   at System.Windows.Window.WindowFilterMessage(IntPtr hwnd, Int32 msg, IntPtr wParam, IntPtr lParam, Boolean& handled)
   at System.Windows.Interop.HwndSource.PublicHooksFilterMessage(IntPtr hwnd, Int32 msg, IntPtr wParam, IntPtr lParam, Boolean& handled)
   at MS.Win32.HwndWrapper.WndProc(IntPtr hwnd, Int32 msg, IntPtr wParam, IntPtr lParam, Boolean& handled)
   at MS.Win32.HwndSubclass.DispatcherCallbackOperation(Object o)
   at System.Windows.Threading.ExceptionWrapper.InternalRealCall(Delegate callback, Object args, Int32 numArgs)
   at System.Windows.Threading.ExceptionWrapper.TryCatchWhen(Object source, Delegate callback, Object args, Int32 numArgs, Delegate catchHandler)
