[08.04.2020 17:31:39.280] [System.Windows.Controls.Panel.ConnectToGenerator()]
System.InvalidOperationException: Панель с IsItemsHost="true" не является вложенной в ItemsControl. Чтобы получать и показывать элементы, панель должна быть вложена в ItemsControl.
   at System.Windows.Controls.Panel.ConnectToGenerator()
   at System.Windows.Controls.Panel.EnsureGenerator()
   at System.Windows.Controls.Panel.get_InternalChildren()
   at System.Windows.Controls.StackPanel.System.Windows.Controls.IStackMeasure.get_InternalChildren()
   at System.Windows.Controls.StackPanel.StackMeasureHelper(IStackMeasure measureElement, IStackMeasureScrollData scrollData, Size constraint)
   at System.Windows.Controls.StackPanel.MeasureOverride(Size constraint)
   at System.Windows.FrameworkElement.MeasureCore(Size availableSize)
   at System.Windows.UIElement.Measure(Size availableSize)
   at System.Windows.Controls.Grid.MeasureOverride(Size constraint)
   at System.Windows.FrameworkElement.MeasureCore(Size availableSize)
   at System.Windows.UIElement.Measure(Size availableSize)
   at System.Windows.ContextLayoutManager.UpdateLayout()
   at System.Windows.ContextLayoutManager.UpdateLayoutCallback(Object arg)
   at System.Windows.Media.MediaContext.InvokeOnRenderCallback.DoWork()
   at System.Windows.Media.MediaContext.FireInvokeOnRenderCallbacks()
   at System.Windows.Media.MediaContext.RenderMessageHandlerCore(Object resizedCompositionTarget)
   at System.Windows.Media.MediaContext.RenderMessageHandler(Object resizedCompositionTarget)
   at System.Windows.Threading.ExceptionWrapper.InternalRealCall(Delegate callback, Object args, Int32 numArgs)
   at System.Windows.Threading.ExceptionWrapper.TryCatchWhen(Object source, Delegate callback, Object args, Int32 numArgs, Delegate catchHandler)
[08.04.2020 17:31:39.329] [System.Windows.Controls.Panel.ConnectToGenerator()]
System.InvalidOperationException: Панель с IsItemsHost="true" не является вложенной в ItemsControl. Чтобы получать и показывать элементы, панель должна быть вложена в ItemsControl.
   at System.Windows.Controls.Panel.ConnectToGenerator()
   at System.Windows.Controls.Panel.EnsureGenerator()
   at System.Windows.Controls.Panel.get_InternalChildren()
   at System.Windows.Controls.StackPanel.System.Windows.Controls.IStackMeasure.get_InternalChildren()
   at System.Windows.Controls.StackPanel.StackMeasureHelper(IStackMeasure measureElement, IStackMeasureScrollData scrollData, Size constraint)
   at System.Windows.Controls.StackPanel.MeasureOverride(Size constraint)
   at System.Windows.FrameworkElement.MeasureCore(Size availableSize)
   at System.Windows.UIElement.Measure(Size availableSize)
   at System.Windows.Controls.Grid.MeasureOverride(Size constraint)
   at System.Windows.FrameworkElement.MeasureCore(Size availableSize)
   at System.Windows.UIElement.Measure(Size availableSize)
   at System.Windows.Controls.Border.MeasureOverride(Size constraint)
   at System.Windows.FrameworkElement.MeasureCore(Size availableSize)
   at System.Windows.UIElement.Measure(Size availableSize)
   at System.Windows.Documents.AdornerDecorator.MeasureOverride(Size constraint)
   at System.Windows.FrameworkElement.MeasureCore(Size availableSize)
   at System.Windows.UIElement.Measure(Size availableSize)
   at System.Windows.Controls.Decorator.MeasureOverride(Size constraint)
   at System.Windows.FrameworkElement.MeasureCore(Size availableSize)
   at System.Windows.UIElement.Measure(Size availableSize)
   at System.Windows.Controls.Primitives.PopupRoot.MeasureOverride(Size constraint)
   at System.Windows.FrameworkElement.MeasureCore(Size availableSize)
   at System.Windows.UIElement.Measure(Size availableSize)
   at System.Windows.ContextLayoutManager.UpdateLayout()
   at System.Windows.ContextLayoutManager.UpdateLayoutCallback(Object arg)
   at System.Windows.Media.MediaContext.InvokeOnRenderCallback.DoWork()
   at System.Windows.Media.MediaContext.FireInvokeOnRenderCallbacks()
   at System.Windows.Media.MediaContext.RenderMessageHandlerCore(Object resizedCompositionTarget)
   at System.Windows.Media.MediaContext.RenderMessageHandler(Object resizedCompositionTarget)
   at System.Windows.Threading.ExceptionWrapper.InternalRealCall(Delegate callback, Object args, Int32 numArgs)
   at System.Windows.Threading.ExceptionWrapper.TryCatchWhen(Object source, Delegate callback, Object args, Int32 numArgs, Delegate catchHandler)
