[29.03.2020 13:18:16.219] [System.DateTimeParse.Parse()]
System.FormatException: String '3/29/2020 1:18:15 PM' was not recognized as a valid DateTime.
   at System.DateTimeParse.Parse(ReadOnlySpan`1 s, DateTimeFormatInfo dtfi, DateTimeStyles styles)
   at System.DateTime.Parse(String s)
   at OlibKey.Controls.AccountListItem.Timer_Tick(Object sender, EventArgs e) in F:\OlibKey\Controls\AccountListItem.xaml.cs:line 61
   at System.Windows.Threading.DispatcherTimer.FireTick(Object unused)
   at System.Windows.Threading.ExceptionWrapper.InternalRealCall(Delegate callback, Object args, Int32 numArgs)
   at System.Windows.Threading.ExceptionWrapper.TryCatchWhen(Object source, Delegate callback, Object args, Int32 numArgs, Delegate catchHandler)
[29.03.2020 13:21:11.369] [System.DateTimeParse.Parse()]
System.FormatException: String '3/29/2020 1:21:11 PM' was not recognized as a valid DateTime.
   at System.DateTimeParse.Parse(ReadOnlySpan`1 s, DateTimeFormatInfo dtfi, DateTimeStyles styles)
   at System.DateTime.Parse(String s)
   at OlibKey.Controls.AccountListItem.Timer_Tick(Object sender, EventArgs e) in F:\OlibKey\Controls\AccountListItem.xaml.cs:line 61
   at System.Windows.Threading.DispatcherTimer.FireTick(Object unused)
   at System.Windows.Threading.ExceptionWrapper.InternalRealCall(Delegate callback, Object args, Int32 numArgs)
   at System.Windows.Threading.ExceptionWrapper.TryCatchWhen(Object source, Delegate callback, Object args, Int32 numArgs, Delegate catchHandler)
[29.03.2020 13:21:12.086] [System.DateTimeParse.Parse()]
System.FormatException: String '3/29/2020 1:21:12 PM' was not recognized as a valid DateTime.
   at System.DateTimeParse.Parse(ReadOnlySpan`1 s, DateTimeFormatInfo dtfi, DateTimeStyles styles)
   at System.DateTime.Parse(String s)
   at OlibKey.Controls.AccountListItem.Timer_Tick(Object sender, EventArgs e) in F:\OlibKey\Controls\AccountListItem.xaml.cs:line 61
   at System.Windows.Threading.DispatcherTimer.FireTick(Object unused)
   at System.Windows.Threading.ExceptionWrapper.InternalRealCall(Delegate callback, Object args, Int32 numArgs)
   at System.Windows.Threading.ExceptionWrapper.TryCatchWhen(Object source, Delegate callback, Object args, Int32 numArgs, Delegate catchHandler)
[29.03.2020 13:24:25.756] [System.DateTimeParse.Parse()]
System.FormatException: String '3/29/2020 1:24:28 PM' was not recognized as a valid DateTime.
   at System.DateTimeParse.Parse(ReadOnlySpan`1 s, DateTimeFormatInfo dtfi, DateTimeStyles styles)
   at System.DateTime.Parse(String s)
   at OlibKey.Controls.AccountListItem.Timer_Tick(Object sender, EventArgs e) in F:\OlibKey\Controls\AccountListItem.xaml.cs:line 61
   at System.Windows.Threading.DispatcherTimer.FireTick(Object unused)
   at System.Windows.Threading.ExceptionWrapper.InternalRealCall(Delegate callback, Object args, Int32 numArgs)
   at System.Windows.Threading.ExceptionWrapper.TryCatchWhen(Object source, Delegate callback, Object args, Int32 numArgs, Delegate catchHandler)
[29.03.2020 13:28:11.103] [System.DateTimeParse.Parse()]
System.FormatException: String '24.03.2020 10:30:00' was not recognized as a valid DateTime.
   at System.DateTimeParse.Parse(ReadOnlySpan`1 s, DateTimeFormatInfo dtfi, DateTimeStyles styles)
   at System.DateTime.Parse(String s, IFormatProvider provider)
   at OlibKey.Controls.AccountListItem.Timer_Tick(Object sender, EventArgs e) in F:\OlibKey\Controls\AccountListItem.xaml.cs:line 61
   at System.Windows.Threading.DispatcherTimer.FireTick(Object unused)
   at System.Windows.Threading.ExceptionWrapper.InternalRealCall(Delegate callback, Object args, Int32 numArgs)
   at System.Windows.Threading.ExceptionWrapper.TryCatchWhen(Object source, Delegate callback, Object args, Int32 numArgs, Delegate catchHandler)
[29.03.2020 13:28:11.598] [System.DateTimeParse.Parse()]
System.FormatException: String '24.03.2020 9:00:00' was not recognized as a valid DateTime.
   at System.DateTimeParse.Parse(ReadOnlySpan`1 s, DateTimeFormatInfo dtfi, DateTimeStyles styles)
   at System.DateTime.Parse(String s, IFormatProvider provider)
   at OlibKey.Controls.AccountListItem.Timer_Tick(Object sender, EventArgs e) in F:\OlibKey\Controls\AccountListItem.xaml.cs:line 61
   at System.Windows.Threading.DispatcherTimer.FireTick(Object unused)
   at System.Windows.Threading.ExceptionWrapper.InternalRealCall(Delegate callback, Object args, Int32 numArgs)
   at System.Windows.Threading.ExceptionWrapper.TryCatchWhen(Object source, Delegate callback, Object args, Int32 numArgs, Delegate catchHandler)
