[06.04.2020 00:07:58.492] [System.Windows.Media.Animation.AnimationStorage.OnCurrentTimeInvalidated()]
System.Windows.Media.Animation.AnimationException: Не удается анимировать свойство "Brush" для "System.Windows.Media.Pen" с помощью "System.Windows.Media.Animation.ObjectAnimationUsingKeyFrames". Дополнительные сведения см. в описании внутреннего исключения.
 ---> System.InvalidOperationException: Значение "White", вычисленное при анимации свойства "Brush", не является допустимым.
   at System.Windows.Media.Animation.AnimationStorage.GetCurrentPropertyValue(AnimationStorage storage, DependencyObject d, DependencyProperty dp, PropertyMetadata metadata, Object baseValue)
   at System.Windows.Media.Animation.AnimationStorage.OnCurrentTimeInvalidated(Object sender, EventArgs args)
   --- End of inner exception stack trace ---
   at System.Windows.Media.Animation.AnimationStorage.OnCurrentTimeInvalidated(Object sender, EventArgs args)
   at System.Windows.Media.Animation.Clock.FireEvent(EventPrivateKey key)
   at System.Windows.Media.Animation.Clock.RaiseAccumulatedEvents()
   at System.Windows.Media.Animation.TimeManager.RaiseEnqueuedEvents()
   at System.Windows.Media.Animation.TimeManager.Tick()
   at System.Windows.Media.MediaContext.RenderMessageHandlerCore(Object resizedCompositionTarget)
   at System.Windows.Media.MediaContext.RenderMessageHandler(Object resizedCompositionTarget)
   at System.Windows.Threading.ExceptionWrapper.InternalRealCall(Delegate callback, Object args, Int32 numArgs)
   at System.Windows.Threading.ExceptionWrapper.TryCatchWhen(Object source, Delegate callback, Object args, Int32 numArgs, Delegate catchHandler)
[06.04.2020 00:10:52.265] [System.Windows.Media.Animation.AnimationStorage.OnCurrentTimeInvalidated()]
System.Windows.Media.Animation.AnimationException: Не удается анимировать свойство "Brush" для "System.Windows.Media.Pen" с помощью "System.Windows.Media.Animation.ObjectAnimationUsingKeyFrames". Дополнительные сведения см. в описании внутреннего исключения.
 ---> System.InvalidOperationException: Значение "#FFFFFFFF", вычисленное при анимации свойства "Brush", не является допустимым.
   at System.Windows.Media.Animation.AnimationStorage.GetCurrentPropertyValue(AnimationStorage storage, DependencyObject d, DependencyProperty dp, PropertyMetadata metadata, Object baseValue)
   at System.Windows.Media.Animation.AnimationStorage.OnCurrentTimeInvalidated(Object sender, EventArgs args)
   --- End of inner exception stack trace ---
   at System.Windows.Media.Animation.AnimationStorage.OnCurrentTimeInvalidated(Object sender, EventArgs args)
   at System.Windows.Media.Animation.Clock.FireEvent(EventPrivateKey key)
   at System.Windows.Media.Animation.Clock.RaiseAccumulatedEvents()
   at System.Windows.Media.Animation.TimeManager.RaiseEnqueuedEvents()
   at System.Windows.Media.Animation.TimeManager.Tick()
   at System.Windows.Media.MediaContext.RenderMessageHandlerCore(Object resizedCompositionTarget)
   at System.Windows.Media.MediaContext.RenderMessageHandler(Object resizedCompositionTarget)
   at System.Windows.Threading.ExceptionWrapper.InternalRealCall(Delegate callback, Object args, Int32 numArgs)
   at System.Windows.Threading.ExceptionWrapper.TryCatchWhen(Object source, Delegate callback, Object args, Int32 numArgs, Delegate catchHandler)
[06.04.2020 11:46:30.303] [OlibKey.Views.ChangedPasswordPage.ChangedAccountClick()]
System.NullReferenceException: Object reference not set to an instance of an object.
   at OlibKey.Views.ChangedPasswordPage.ChangedAccountClick(Object sender, RoutedEventArgs e) in F:\OlibKey\Views\ChangedPasswordPage.xaml.cs:line 65
   at System.Windows.RoutedEventHandlerInfo.InvokeHandler(Object target, RoutedEventArgs routedEventArgs)
   at System.Windows.EventRoute.InvokeHandlersImpl(Object source, RoutedEventArgs args, Boolean reRaised)
   at System.Windows.UIElement.RaiseEventImpl(DependencyObject sender, RoutedEventArgs args)
   at System.Windows.UIElement.RaiseEvent(RoutedEventArgs e)
   at System.Windows.Controls.Primitives.ButtonBase.OnClick()
   at System.Windows.Controls.Button.OnClick()
   at System.Windows.Controls.Primitives.ButtonBase.OnMouseLeftButtonUp(MouseButtonEventArgs e)
   at System.Windows.UIElement.OnMouseLeftButtonUpThunk(Object sender, MouseButtonEventArgs e)
   at System.Windows.Input.MouseButtonEventArgs.InvokeEventHandler(Delegate genericHandler, Object genericTarget)
   at System.Windows.RoutedEventArgs.InvokeHandler(Delegate handler, Object target)
   at System.Windows.RoutedEventHandlerInfo.InvokeHandler(Object target, RoutedEventArgs routedEventArgs)
   at System.Windows.EventRoute.InvokeHandlersImpl(Object source, RoutedEventArgs args, Boolean reRaised)
   at System.Windows.UIElement.ReRaiseEventAs(DependencyObject sender, RoutedEventArgs args, RoutedEvent newEvent)
   at System.Windows.UIElement.OnMouseUpThunk(Object sender, MouseButtonEventArgs e)
   at System.Windows.Input.MouseButtonEventArgs.InvokeEventHandler(Delegate genericHandler, Object genericTarget)
   at System.Windows.RoutedEventArgs.InvokeHandler(Delegate handler, Object target)
   at System.Windows.RoutedEventHandlerInfo.InvokeHandler(Object target, RoutedEventArgs routedEventArgs)
   at System.Windows.EventRoute.InvokeHandlersImpl(Object source, RoutedEventArgs args, Boolean reRaised)
   at System.Windows.UIElement.RaiseEventImpl(DependencyObject sender, RoutedEventArgs args)
   at System.Windows.UIElement.RaiseTrustedEvent(RoutedEventArgs args)
   at System.Windows.Input.InputManager.ProcessStagingArea()
   at System.Windows.Input.InputManager.ProcessInput(InputEventArgs input)
   at System.Windows.Input.InputProviderSite.ReportInput(InputReport inputReport)
   at System.Windows.Interop.HwndMouseInputProvider.ReportInput(IntPtr hwnd, InputMode mode, Int32 timestamp, RawMouseActions actions, Int32 x, Int32 y, Int32 wheel)
   at System.Windows.Interop.HwndMouseInputProvider.FilterMessage(IntPtr hwnd, WindowMessage msg, IntPtr wParam, IntPtr lParam, Boolean& handled)
   at System.Windows.Interop.HwndSource.InputFilterMessage(IntPtr hwnd, Int32 msg, IntPtr wParam, IntPtr lParam, Boolean& handled)
   at MS.Win32.HwndWrapper.WndProc(IntPtr hwnd, Int32 msg, IntPtr wParam, IntPtr lParam, Boolean& handled)
   at MS.Win32.HwndSubclass.DispatcherCallbackOperation(Object o)
   at System.Windows.Threading.ExceptionWrapper.InternalRealCall(Delegate callback, Object args, Int32 numArgs)
   at System.Windows.Threading.ExceptionWrapper.TryCatchWhen(Object source, Delegate callback, Object args, Int32 numArgs, Delegate catchHandler)
[06.04.2020 12:58:10.289] [System.Windows.Markup.XamlReader.RewrapException()]
System.Windows.Markup.XamlParseException: "Предоставление значения для "System.Windows.StaticResourceExtension" вызвало исключение.": номер строки "154" и позиция в строке "38".
 ---> System.Exception: Не удается найти ресурс с именем "Sep". Имена ресурсов определяются с учетом регистра.
   at System.Windows.StaticResourceExtension.ProvideValueInternal(IServiceProvider serviceProvider, Boolean allowDeferredReference)
   at System.Windows.StaticResourceExtension.ProvideValue(IServiceProvider serviceProvider)
   at MS.Internal.Xaml.Runtime.ClrObjectRuntime.CallProvideValue(MarkupExtension me, IServiceProvider serviceProvider)
   --- End of inner exception stack trace ---
   at System.Windows.Markup.XamlReader.RewrapException(Exception e, IXamlLineInfo lineInfo, Uri baseUri)
   at System.Windows.Markup.WpfXamlLoader.Load(XamlReader xamlReader, IXamlObjectWriterFactory writerFactory, Boolean skipJournaledProperties, Object rootObject, XamlObjectWriterSettings settings, Uri baseUri)
   at System.Windows.Markup.WpfXamlLoader.LoadBaml(XamlReader xamlReader, Boolean skipJournaledProperties, Object rootObject, XamlAccessLevel accessLevel, Uri baseUri)
   at System.Windows.Markup.XamlReader.LoadBaml(Stream stream, ParserContext parserContext, Object parent, Boolean closeStream)
   at System.Windows.Application.LoadComponent(Object component, Uri resourceLocator)
   at OlibKey.MainWindow.InitializeComponent() in F:\OlibKey\MainWindow.xaml:line 1
   at OlibKey.MainWindow..ctor() in F:\OlibKey\MainWindow.xaml.cs:line 18
   at OlibKey.App.OnStartup(StartupEventArgs e) in F:\OlibKey\App.xaml.cs:line 60
   at System.Windows.Application.<.ctor>b__1_0(Object unused)
   at System.Windows.Threading.ExceptionWrapper.InternalRealCall(Delegate callback, Object args, Int32 numArgs)
   at System.Windows.Threading.ExceptionWrapper.TryCatchWhen(Object source, Delegate callback, Object args, Int32 numArgs, Delegate catchHandler)
