[19.03.2020 21:10:27.846] [OlibKey.Views.ChangedPasswordPage.DeletePassword()]
System.NullReferenceException: Object reference not set to an instance of an object.
   at OlibKey.Views.ChangedPasswordPage.DeletePassword(Object sender, RoutedEventArgs e) in F:\OlibKey\Views\ChangedPasswordPage.xaml.cs:line 69
   at System.Windows.RoutedEventHandlerInfo.InvokeHandler(Object target, RoutedEventArgs routedEventArgs)
   at System.Windows.EventRoute.InvokeHandlersImpl(Object source, RoutedEventArgs args, Boolean reRaised)
   at System.Windows.UIElement.RaiseEventImpl(DependencyObject sender, RoutedEventArgs args)
   at System.Windows.UIElement.RaiseEvent(RoutedEventArgs e)
   at System.Windows.Controls.Primitives.ButtonBase.OnClick()
   at System.Windows.Controls.Button.OnClick()
   at System.Windows.Controls.Primitives.ButtonBase.OnMouseLeftButtonUp(MouseButtonEventArgs e)
   at System.Windows.UIElement.OnMouseLeftButtonUpThunk(Object sender, MouseButtonEventArgs e)
   at System.Windows.Input.MouseButtonEventArgs.InvokeEventHandler(Delegate genericHandler, Object genericTarget)
   at System.Windows.RoutedEventArgs.InvokeHandler(Delegate handler, Object target)
   at System.Windows.RoutedEventHandlerInfo.InvokeHandler(Object target, RoutedEventArgs routedEventArgs)
   at System.Windows.EventRoute.InvokeHandlersImpl(Object source, RoutedEventArgs args, Boolean reRaised)
   at System.Windows.UIElement.ReRaiseEventAs(DependencyObject sender, RoutedEventArgs args, RoutedEvent newEvent)
   at System.Windows.UIElement.OnMouseUpThunk(Object sender, MouseButtonEventArgs e)
   at System.Windows.Input.MouseButtonEventArgs.InvokeEventHandler(Delegate genericHandler, Object genericTarget)
   at System.Windows.RoutedEventArgs.InvokeHandler(Delegate handler, Object target)
   at System.Windows.RoutedEventHandlerInfo.InvokeHandler(Object target, RoutedEventArgs routedEventArgs)
   at System.Windows.EventRoute.InvokeHandlersImpl(Object source, RoutedEventArgs args, Boolean reRaised)
   at System.Windows.UIElement.RaiseEventImpl(DependencyObject sender, RoutedEventArgs args)
   at System.Windows.UIElement.RaiseTrustedEvent(RoutedEventArgs args)
   at System.Windows.Input.InputManager.ProcessStagingArea()
   at System.Windows.Input.InputManager.ProcessInput(InputEventArgs input)
   at System.Windows.Input.InputProviderSite.ReportInput(InputReport inputReport)
   at System.Windows.Interop.HwndMouseInputProvider.ReportInput(IntPtr hwnd, InputMode mode, Int32 timestamp, RawMouseActions actions, Int32 x, Int32 y, Int32 wheel)
   at System.Windows.Interop.HwndMouseInputProvider.FilterMessage(IntPtr hwnd, WindowMessage msg, IntPtr wParam, IntPtr lParam, Boolean& handled)
   at System.Windows.Interop.HwndSource.InputFilterMessage(IntPtr hwnd, Int32 msg, IntPtr wParam, IntPtr lParam, Boolean& handled)
   at MS.Win32.HwndWrapper.WndProc(IntPtr hwnd, Int32 msg, IntPtr wParam, IntPtr lParam, Boolean& handled)
   at MS.Win32.HwndSubclass.DispatcherCallbackOperation(Object o)
   at System.Windows.Threading.ExceptionWrapper.InternalRealCall(Delegate callback, Object args, Int32 numArgs)
   at System.Windows.Threading.ExceptionWrapper.TryCatchWhen(Object source, Delegate callback, Object args, Int32 numArgs, Delegate catchHandler)
[19.03.2020 22:03:47.928] [System.Media.SoundPlayer.ValidateSoundFile()]
System.IO.FileNotFoundException: Please be sure a sound file exists at the specified location.
File name: 'Music\notification.wav'
   at System.Media.SoundPlayer.ValidateSoundFile(String fileName)
   at System.Media.SoundPlayer.LoadAndPlay(Int32 flags)
   at System.Media.SoundPlayer.Play()
   at OlibKey.Views.ReminderWindow..ctor() in F:\OlibKey\Views\ReminderWindow.xaml.cs:line 35
   at OlibKey.Controls.AccountListItem.Timer_Tick(Object sender, EventArgs e) in F:\OlibKey\Controls\AccountListItem.xaml.cs:line 64
   at System.Windows.Threading.DispatcherTimer.FireTick(Object unused)
   at System.Windows.Threading.ExceptionWrapper.InternalRealCall(Delegate callback, Object args, Int32 numArgs)
   at System.Windows.Threading.ExceptionWrapper.TryCatchWhen(Object source, Delegate callback, Object args, Int32 numArgs, Delegate catchHandler)
[19.03.2020 22:04:20.415] [System.Media.SoundPlayer.ValidateSoundFile()]
System.IO.FileNotFoundException: Please be sure a sound file exists at the specified location.
File name: '\Music\notification.wav'
   at System.Media.SoundPlayer.ValidateSoundFile(String fileName)
   at System.Media.SoundPlayer.LoadAndPlay(Int32 flags)
   at System.Media.SoundPlayer.Play()
   at OlibKey.Views.ReminderWindow..ctor() in F:\OlibKey\Views\ReminderWindow.xaml.cs:line 35
   at OlibKey.Controls.AccountListItem.Timer_Tick(Object sender, EventArgs e) in F:\OlibKey\Controls\AccountListItem.xaml.cs:line 64
   at System.Windows.Threading.DispatcherTimer.FireTick(Object unused)
   at System.Windows.Threading.ExceptionWrapper.InternalRealCall(Delegate callback, Object args, Int32 numArgs)
   at System.Windows.Threading.ExceptionWrapper.TryCatchWhen(Object source, Delegate callback, Object args, Int32 numArgs, Delegate catchHandler)
[19.03.2020 22:04:55.636] [System.Media.SoundPlayer.ValidateSoundFile()]
System.IO.FileNotFoundException: Please be sure a sound file exists at the specified location.
File name: '/Music/notification.wav'
   at System.Media.SoundPlayer.ValidateSoundFile(String fileName)
   at System.Media.SoundPlayer.LoadAndPlay(Int32 flags)
   at System.Media.SoundPlayer.Play()
   at OlibKey.Views.ReminderWindow..ctor() in F:\OlibKey\Views\ReminderWindow.xaml.cs:line 35
   at OlibKey.Controls.AccountListItem.Timer_Tick(Object sender, EventArgs e) in F:\OlibKey\Controls\AccountListItem.xaml.cs:line 64
   at System.Windows.Threading.DispatcherTimer.FireTick(Object unused)
   at System.Windows.Threading.ExceptionWrapper.InternalRealCall(Delegate callback, Object args, Int32 numArgs)
   at System.Windows.Threading.ExceptionWrapper.TryCatchWhen(Object source, Delegate callback, Object args, Int32 numArgs, Delegate catchHandler)
[19.03.2020 22:05:32.970] [MS.Internal.Helper+FindResourceHelper.DoTryCatchWhen()]
System.Windows.ResourceReferenceKeyNotFoundException: Ресурс "notification.wav" не найден.
   at MS.Internal.Helper.FindResourceHelper.DoTryCatchWhen(Object arg)
   at System.Windows.Threading.ExceptionWrapper.InternalRealCall(Delegate callback, Object args, Int32 numArgs)
   at System.Windows.Threading.ExceptionWrapper.TryCatchWhen(Object source, Delegate callback, Object args, Int32 numArgs, Delegate catchHandler)
