[12.04.2020 15:46:50.758] [System.Windows.Markup.XamlReader.RewrapException()]
System.Windows.Markup.XamlParseException: "Инициализация "OlibKey.MainWindow" вызвала исключение.": номер строки "378" и позиция в строке "7".
 ---> System.ArgumentNullException: Value cannot be null. (Parameter 'routedEvent')
   at System.Windows.UIElement.AddHandler(RoutedEvent routedEvent, Delegate handler, Boolean handledEventsToo)
   at System.Windows.EventTrigger.ProcessOneTrigger(FrameworkElement triggersHost, TriggerBase triggerBase)
   at System.Windows.EventTrigger.ProcessTriggerCollection(FrameworkElement triggersHost)
   at System.Windows.FrameworkElement.TryFireInitialized()
   at System.Windows.FrameworkElement.EndInit()
   at MS.Internal.Xaml.Runtime.ClrObjectRuntime.InitializationGuard(XamlType xamlType, Object obj, Boolean begin)
   --- End of inner exception stack trace ---
   at System.Windows.Markup.XamlReader.RewrapException(Exception e, IXamlLineInfo lineInfo, Uri baseUri)
   at System.Windows.Markup.WpfXamlLoader.Load(XamlReader xamlReader, IXamlObjectWriterFactory writerFactory, Boolean skipJournaledProperties, Object rootObject, XamlObjectWriterSettings settings, Uri baseUri)
   at System.Windows.Markup.WpfXamlLoader.LoadBaml(XamlReader xamlReader, Boolean skipJournaledProperties, Object rootObject, XamlAccessLevel accessLevel, Uri baseUri)
   at System.Windows.Markup.XamlReader.LoadBaml(Stream stream, ParserContext parserContext, Object parent, Boolean closeStream)
   at System.Windows.Application.LoadComponent(Object component, Uri resourceLocator)
   at OlibKey.MainWindow.InitializeComponent() in F:\OlibKey\MainWindow.xaml:line 1
   at OlibKey.MainWindow..ctor() in F:\OlibKey\MainWindow.xaml.cs:line 19
   at OlibKey.App.OnStartup(StartupEventArgs e) in F:\OlibKey\App.xaml.cs:line 60
   at System.Windows.Application.<.ctor>b__1_0(Object unused)
   at System.Windows.Threading.ExceptionWrapper.InternalRealCall(Delegate callback, Object args, Int32 numArgs)
   at System.Windows.Threading.ExceptionWrapper.TryCatchWhen(Object source, Delegate callback, Object args, Int32 numArgs, Delegate catchHandler)
